E:\MY TETRIS\DEBUG\MY TETRIS.EXE
E:\MY TETRIS\DEBUG\MY TETRIS.ILK
E:\MY TETRIS\DEBUG\MY TETRIS.PDB
E:\My Tetris\My Tetris\Debug\cl.command.1.tlog
E:\My Tetris\My Tetris\Debug\CL.read.1.tlog
E:\My Tetris\My Tetris\Debug\CL.write.1.tlog
E:\My Tetris\My Tetris\Debug\link.command.1.tlog
E:\My Tetris\My Tetris\Debug\link.read.1.tlog
E:\My Tetris\My Tetris\Debug\link.write.1.tlog
E:\My Tetris\My Tetris\Debug\link-cvtres.read.1.tlog
E:\My Tetris\My Tetris\Debug\link-cvtres.write.1.tlog
E:\My Tetris\My Tetris\Debug\mt.command.1.tlog
E:\My Tetris\My Tetris\Debug\mt.read.1.tlog
E:\My Tetris\My Tetris\Debug\mt.write.1.tlog
E:\MY TETRIS\MY TETRIS\DEBUG\MY TETRIS.EXE.EMBED.MANIFEST
E:\MY TETRIS\MY TETRIS\DEBUG\MY TETRIS.EXE.EMBED.MANIFEST.RES
E:\MY TETRIS\MY TETRIS\DEBUG\MY TETRIS.EXE.INTERMEDIATE.MANIFEST
E:\MY TETRIS\MY TETRIS\DEBUG\MY TETRIS.OBJ
E:\MY TETRIS\MY TETRIS\DEBUG\MY TETRIS.PCH
E:\MY TETRIS\MY TETRIS\DEBUG\MY TETRIS.RES
E:\My Tetris\My Tetris\Debug\My Tetris.write.1.tlog
E:\My Tetris\My Tetris\Debug\My Tetris_manifest.rc
E:\My Tetris\My Tetris\Debug\rc.command.1.tlog
E:\My Tetris\My Tetris\Debug\rc.read.1.tlog
E:\My Tetris\My Tetris\Debug\rc.write.1.tlog
E:\MY TETRIS\MY TETRIS\DEBUG\STDAFX.OBJ
E:\MY TETRIS\MY TETRIS\DEBUG\TETRIS.OBJ
E:\My Tetris\My Tetris\Debug\vc100.idb
E:\MY TETRIS\MY TETRIS\DEBUG\VC100.PDB
