Build started 2014/9/14 0:39:11.
     1>Project "E:\My Tetris\My Tetris\My Tetris.vcxproj" on node 2 (build target(s)).
     1>InitializeBuildStatus:
         Creating "Release\My Tetris.unsuccessfulbuild" because "AlwaysCreate" was specified.
       ClCompile:
         All outputs are up-to-date.
         D:\Program Files (x86)\Microsoft Visual Studio 10.0\VC\bin\CL.exe /c /Zi /nologo /W3 /WX- /O2 /Oi /Oy- /GL /D WIN32 /D NDEBUG /D _WINDOWS /D _UNICODE /D UNICODE /Gm- /EHsc /MD /GS /Gy /fp:precise /Zc:wchar_t /Zc:forScope /Yu"StdAfx.h" /Fp"Release\My Tetris.pch" /Fo"Release\\" /Fd"Release\vc100.pdb" /Gd /TP /analyze- /errorReport:prompt "My Tetris.cpp"
         My Tetris.cpp
       ResourceCompile:
         All outputs are up-to-date.
       Link:
         D:\Program Files (x86)\Microsoft Visual Studio 10.0\VC\bin\link.exe /ERRORREPORT:PROMPT /OUT:"E:\My Tetris\Release\My Tetris.exe" /INCREMENTAL:NO /NOLOGO kernel32.lib user32.lib gdi32.lib winspool.lib comdlg32.lib advapi32.lib shell32.lib ole32.lib oleaut32.lib uuid.lib odbc32.lib odbccp32.lib /MANIFEST /ManifestFile:"Release\My Tetris.exe.intermediate.manifest" /MANIFESTUAC:"level='asInvoker' uiAccess='false'" /DEBUG /PDB:"E:\My Tetris\Release\My Tetris.pdb" /SUBSYSTEM:WINDOWS /OPT:REF /OPT:ICF /LTCG /TLBID:1 /DYNAMICBASE /NXCOMPAT /IMPLIB:"E:\My Tetris\Release\My Tetris.lib" /MACHINE:X86 "Release\My Tetris.res"
         "Release\My Tetris.obj"
         Release\stdafx.obj
         Release\Tetris.obj
         Generating code
         Finished generating code
         My Tetris.vcxproj -> E:\My Tetris\Release\My Tetris.exe
       Manifest:
         C:\Program Files (x86)\Microsoft SDKs\Windows\v7.0A\bin\mt.exe /nologo /verbose /outputresource:"E:\My Tetris\Release\My Tetris.exe;#1" /manifest "Release\My Tetris.exe.intermediate.manifest"
       FinalizeBuildStatus:
         Deleting file "Release\My Tetris.unsuccessfulbuild".
         Touching "Release\My Tetris.lastbuildstate".
     1>Done Building Project "E:\My Tetris\My Tetris\My Tetris.vcxproj" (build target(s)).

Build succeeded.

Time Elapsed 00:00:00.45
